#
# A fatal error has been detected by the Java Runtime Environment:
#
#  SIGSEGV (0xb) at pc=0x000000010e246914, pid=63197, tid=19203
#
# JRE version: Java(TM) SE Runtime Environment (8.0_60-b27) (build 1.8.0_60-b27)
# Java VM: Java HotSpot(TM) 64-Bit Server VM (25.60-b23 mixed mode bsd-amd64 compressed oops)
# Problematic frame:
# V  [libjvm.dylib+0x446914]
#
# Failed to write core dump. Core dumps have been disabled. To enable core dumping, try "ulimit -c unlimited" before starting Java again
#
# If you would like to submit a bug report, please visit:
#   http://bugreport.java.com/bugreport/crash.jsp
#

---------------  T H R E A D  ---------------

Current thread (0x00007ff013000800):  JavaThread "JDWP Transport Listener: dt_socket" daemon [_thread_in_vm, id=19203, stack(0x0000700000f47000,0x0000700001047000)]

siginfo: si_signo: 11 (SIGSEGV), si_code: 0 (unknown), si_addr: 0x0000000000000000

Registers:
RAX=0x0000000000000001, RBX=0x0000700001046a8b, RCX=0x000000010e615310, RDX=0x0000700001046a8b
RSP=0x00007000010469d0, RBP=0x00007000010469e0, RSI=0x00007ff013000800, RDI=0x8000000000000000
R8 =0x0000000000000000, R9 =0x00007ff01422c2f0, R10=0x00000000f3edd55d, R11=0x00007ff014200000
R12=0x00007ff013000800, R13=0x8000000000000000, R14=0x8000000000000000, R15=0x00007ff011403870
RIP=0x000000010e246914, EFLAGS=0x0000000000010286, ERR=0x0000000000000000
  TRAPNO=0x000000000000000d

Top of Stack: (sp=0x00007000010469d0)
0x00007000010469d0:   0000700001046a8b 0000700001046a8b
0x00007000010469e0:   0000700001046a40 000000010e155a0e
0x00007000010469f0:   00007ff013000800 0000000000000000
0x0000700001046a00:   0000000000000000 0000000000000000
0x0000700001046a10:   00007ff013000800 00007ff013000800
0x0000700001046a20:   0000700001046a8b 0000700001046a90
0x0000700001046a30:   8000000000000000 0000000000000005
0x0000700001046a40:   0000700001046a60 000000010cd74780
0x0000700001046a50:   0000000000000001 0000700001046b08
0x0000700001046a60:   0000700001046ad0 000000010cd591f3
0x0000700001046a70:   0000700001046aa0 00007ff01422c2c0
0x0000700001046a80:   0000000600000032 0000000a00046b08
0x0000700001046a90:   0000000000000000 0000000000000000
0x0000700001046aa0:   0000000000000000 0000700001046c90
0x0000700001046ab0:   000000010cd7be7a 00007ff0114880c0
0x0000700001046ac0:   0000700001046b08 000000010cd87598
0x0000700001046ad0:   0000700001046ae0 000000010cd592ec
0x0000700001046ae0:   0000700001046d00 000000010cd62898
0x0000700001046af0:   0000af5300000013 00000000000f0200
0x0000700001046b00:   00007ff011471fd0 00007ff01422ca3b
0x0000700001046b10:   00007ff00000020d 00007ff01420cb40
0x0000700001046b20:   000000000000012c 0000700001046b58
0x0000700001046b30:   00007ff01420cb40 0000000000000000
0x0000700001046b40:   0000af5300000030 00007fff00004c80
0x0000700001046b50:   0000700001046b58 f07f000006000000
0x0000700001046b60:   0600000080037111 00003e74696e693c
0x0000700001046b70:   0000005629280300 7f00000100000000
0x0000700001046b80:   00000088037111f0 0000006e69616d04
0x0000700001046b90:   6176616a4c5b2816 74532f676e616c2f
0x0000700001046ba0:   0056293b676e6972 0009000000000000
0x0000700001046bb0:   0088955811f07f00 6c707369640f0000
0x0000700001046bc0:   646e656c61437961 4c283d0000007261 

Instructions: (pc=0x000000010e246914)
0x000000010e2468f4:   40 48 48 85 c0 75 e0 30 c0 0f b6 c0 5d c3 31 c0
0x000000010e246904:   5d c3 55 48 89 e5 53 48 83 ec 08 48 85 ff 74 24
0x000000010e246914:   48 8b 1f 48 85 db 74 1c 48 83 fb 37 74 16 48 8b
0x000000010e246924:   03 48 89 df ff 50 10 84 c0 b8 00 00 00 00 48 0f 

Register to memory mapping:

RAX=0x0000000000000001 is an unknown value
RBX=0x0000700001046a8b is pointing into the stack for thread: 0x00007ff013000800
RCX=0x000000010e615310: UseMembar+0 in /Library/Java/JavaVirtualMachines/jdk1.8.0_60.jdk/Contents/Home/jre/lib/server/libjvm.dylib at 0x000000010de00000
RDX=0x0000700001046a8b is pointing into the stack for thread: 0x00007ff013000800
RSP=0x00007000010469d0 is pointing into the stack for thread: 0x00007ff013000800
RBP=0x00007000010469e0 is pointing into the stack for thread: 0x00007ff013000800
RSI=0x00007ff013000800 is a thread
RDI=0x8000000000000000 is an unknown value
R8 =0x0000000000000000 is an unknown value
R9 =0x00007ff01422c2f0 is an unknown value
R10=0x00000000f3edd55d is an unknown value
R11=0x00007ff014200000 is an unknown value
R12=0x00007ff013000800 is a thread
R13=0x8000000000000000 is an unknown value
R14=0x8000000000000000 is an unknown value
R15=0x00007ff011403870 is an unknown value


Stack: [0x0000700000f47000,0x0000700001047000],  sp=0x00007000010469d0,  free space=1022k
Native frames: (J=compiled Java code, j=interpreted, Vv=VM code, C=native code)
V  [libjvm.dylib+0x446914]
V  [libjvm.dylib+0x355a0e]
C  [libjdwp.dylib+0x20780]  isMethodSynthetic+0x63
C  [libjdwp.dylib+0x51f3]  methods1+0x10b
C  [libjdwp.dylib+0x52ec]  methodsWithGeneric+0xe
C  [libjdwp.dylib+0xe898]  debugLoop_run+0x1ce
C  [libjdwp.dylib+0x1f6ba]  attachThread+0x4d
V  [libjvm.dylib+0x396d6c]
V  [libjvm.dylib+0x5612d3]
V  [libjvm.dylib+0x5629ce]
V  [libjvm.dylib+0x48343a]
C  [libsystem_pthread.dylib+0x399d]  _pthread_body+0x83
C  [libsystem_pthread.dylib+0x391a]  _pthread_body+0x0
C  [libsystem_pthread.dylib+0x1351]  thread_start+0xd
C  0x0000000000000000


---------------  P R O C E S S  ---------------

Java Threads: ( => current thread )
  0x00007ff013801000 JavaThread "Service Thread" daemon [_thread_blocked, id=22787, stack(0x000070000165c000,0x000070000175c000)]
  0x00007ff01380b000 JavaThread "C1 CompilerThread3" daemon [_thread_blocked, id=22275, stack(0x0000700001559000,0x0000700001659000)]
  0x00007ff01482b000 JavaThread "C2 CompilerThread2" daemon [_thread_blocked, id=21763, stack(0x0000700001456000,0x0000700001556000)]
  0x00007ff012035800 JavaThread "C2 CompilerThread1" daemon [_thread_blocked, id=21251, stack(0x0000700001353000,0x0000700001453000)]
  0x00007ff011848000 JavaThread "C2 CompilerThread0" daemon [_thread_blocked, id=20739, stack(0x0000700001250000,0x0000700001350000)]
  0x00007ff01301a000 JavaThread "JDWP Command Reader" daemon [_thread_in_native, id=20227, stack(0x000070000114d000,0x000070000124d000)]
  0x00007ff01482c000 JavaThread "JDWP Event Helper Thread" daemon [_thread_blocked, id=19715, stack(0x000070000104a000,0x000070000114a000)]
=>0x00007ff013000800 JavaThread "JDWP Transport Listener: dt_socket" daemon [_thread_in_vm, id=19203, stack(0x0000700000f47000,0x0000700001047000)]
  0x00007ff01480b800 JavaThread "Signal Dispatcher" daemon [_thread_blocked, id=14863, stack(0x0000700000e44000,0x0000700000f44000)]
  0x00007ff012802800 JavaThread "Finalizer" daemon [_thread_blocked, id=14339, stack(0x0000700000c3b000,0x0000700000d3b000)]
  0x00007ff01500d000 JavaThread "Reference Handler" daemon [_thread_blocked, id=13827, stack(0x0000700000b38000,0x0000700000c38000)]
  0x00007ff014801800 JavaThread "main" [_thread_blocked, id=5891, stack(0x000070000011a000,0x000070000021a000)]

Other Threads:
  0x00007ff01182f800 VMThread [stack: 0x0000700000a35000,0x0000700000b35000] [id=13315]
  0x00007ff01482c800 WatcherThread [stack: 0x000070000175f000,0x000070000185f000] [id=23299]

VM state:not at safepoint (normal execution)

VM Mutex/Monitor currently owned by a thread: None

Heap:
 PSYoungGen      total 76288K, used 69537K [0x000000076ab00000, 0x0000000774000000, 0x00000007c0000000)
  eden space 65536K, 89% used [0x000000076ab00000,0x000000076e469010,0x000000076eb00000)
  from space 10752K, 99% used [0x000000076f580000,0x000000076ffff6b0,0x0000000770000000)
  to   space 10752K, 0% used [0x000000076eb00000,0x000000076eb00000,0x000000076f580000)
 ParOldGen       total 175104K, used 31164K [0x00000006c0000000, 0x00000006cab00000, 0x000000076ab00000)
  object space 175104K, 17% used [0x00000006c0000000,0x00000006c1e6f228,0x00000006cab00000)
 Metaspace       used 13867K, capacity 14038K, committed 14080K, reserved 1060864K
  class space    used 1679K, capacity 1751K, committed 1792K, reserved 1048576K

Card table byte_map: [0x000000011e149000,0x000000011e94a000] byte_map_base: 0x000000011ab49000

Marking Bits: (ParMarkBitMap*) 0x000000010e6dee20
 Begin Bits: [0x000000011eea0000, 0x0000000122ea0000)
 End Bits:   [0x0000000122ea0000, 0x0000000126ea0000)

Polling page: 0x000000010cd53000

CodeCache: size=245760Kb used=4147Kb max_used=4156Kb free=241612Kb
 bounds [0x000000010ed89000, 0x000000010f1a9000, 0x000000011dd89000]
 total_blobs=1536 nmethods=1186 adapters=271
 compilation: enabled

Compilation events (10 events):
Event: 461.070 Thread 0x00007ff01380b000 1185       3       com.fasterxml.jackson.databind.node.ArrayNode::toString (91 bytes)
Event: 461.072 Thread 0x00007ff01380b000 nmethod 1185 0x000000010f178350 code [0x000000010f178600, 0x000000010f179a88]
Event: 461.073 Thread 0x00007ff011848000 1186       4       com.fasterxml.jackson.core.io.CharTypes::appendQuoted (142 bytes)
Event: 461.098 Thread 0x00007ff011848000 nmethod 1186 0x000000010f198c10 code [0x000000010f198dc0, 0x000000010f199a78]
Event: 1528.868 Thread 0x00007ff01380b000 1187       3       java.util.ArrayList::isEmpty (13 bytes)
Event: 1528.869 Thread 0x00007ff01380b000 nmethod 1187 0x000000010f177fd0 code [0x000000010f178140, 0x000000010f1782f0]
Event: 1591.320 Thread 0x00007ff01380b000 1188       3       java.lang.Integer::stringSize (21 bytes)
Event: 1591.321 Thread 0x00007ff01380b000 nmethod 1188 0x000000010f177b10 code [0x000000010f177c80, 0x000000010f177e90]
Event: 1591.321 Thread 0x00007ff01380b000 1189       3       java.lang.Integer::toString (48 bytes)
Event: 1591.322 Thread 0x00007ff01380b000 nmethod 1189 0x000000010f198050 code [0x000000010f198220, 0x000000010f198868]

GC Heap History (4 events):
Event: 3.474 GC heap before
{Heap before GC invocations=1 (full 0):
 PSYoungGen      total 76288K, used 65536K [0x000000076ab00000, 0x0000000770000000, 0x00000007c0000000)
  eden space 65536K, 100% used [0x000000076ab00000,0x000000076eb00000,0x000000076eb00000)
  from space 10752K, 0% used [0x000000076f580000,0x000000076f580000,0x0000000770000000)
  to   space 10752K, 0% used [0x000000076eb00000,0x000000076eb00000,0x000000076f580000)
 ParOldGen       total 175104K, used 0K [0x00000006c0000000, 0x00000006cab00000, 0x000000076ab00000)
  object space 175104K, 0% used [0x00000006c0000000,0x00000006c0000000,0x00000006cab00000)
 Metaspace       used 13775K, capacity 13970K, committed 14080K, reserved 1060864K
  class space    used 1676K, capacity 1751K, committed 1792K, reserved 1048576K
Event: 3.485 GC heap after
Heap after GC invocations=1 (full 0):
 PSYoungGen      total 76288K, used 10488K [0x000000076ab00000, 0x0000000770000000, 0x00000007c0000000)
  eden space 65536K, 0% used [0x000000076ab00000,0x000000076ab00000,0x000000076eb00000)
  from space 10752K, 97% used [0x000000076eb00000,0x000000076f53e240,0x000000076f580000)
  to   space 10752K, 0% used [0x000000076f580000,0x000000076f580000,0x0000000770000000)
 ParOldGen       total 175104K, used 80K [0x00000006c0000000, 0x00000006cab00000, 0x000000076ab00000)
  object space 175104K, 0% used [0x00000006c0000000,0x00000006c0014010,0x00000006cab00000)
 Metaspace       used 13775K, capacity 13970K, committed 14080K, reserved 1060864K
  class space    used 1676K, capacity 1751K, committed 1792K, reserved 1048576K
}
Event: 3.543 GC heap before
{Heap before GC invocations=2 (full 0):
 PSYoungGen      total 76288K, used 76024K [0x000000076ab00000, 0x0000000770000000, 0x00000007c0000000)
  eden space 65536K, 100% used [0x000000076ab00000,0x000000076eb00000,0x000000076eb00000)
  from space 10752K, 97% used [0x000000076eb00000,0x000000076f53e240,0x000000076f580000)
  to   space 10752K, 0% used [0x000000076f580000,0x000000076f580000,0x0000000770000000)
 ParOldGen       total 175104K, used 80K [0x00000006c0000000, 0x00000006cab00000, 0x000000076ab00000)
  object space 175104K, 0% used [0x00000006c0000000,0x00000006c0014010,0x00000006cab00000)
 Metaspace       used 13783K, capacity 13974K, committed 14080K, reserved 1060864K
  class space    used 1676K, capacity 1751K, committed 1792K, reserved 1048576K
Event: 3.579 GC heap after
Heap after GC invocations=2 (full 0):
 PSYoungGen      total 76288K, used 10749K [0x000000076ab00000, 0x0000000774000000, 0x00000007c0000000)
  eden space 65536K, 0% used [0x000000076ab00000,0x000000076ab00000,0x000000076eb00000)
  from space 10752K, 99% used [0x000000076f580000,0x000000076ffff6b0,0x0000000770000000)
  to   space 10752K, 0% used [0x000000076eb00000,0x000000076eb00000,0x000000076f580000)
 ParOldGen       total 175104K, used 31164K [0x00000006c0000000, 0x00000006cab00000, 0x000000076ab00000)
  object space 175104K, 17% used [0x00000006c0000000,0x00000006c1e6f228,0x00000006cab00000)
 Metaspace       used 13783K, capacity 13974K, committed 14080K, reserved 1060864K
  class space    used 1676K, capacity 1751K, committed 1792K, reserved 1048576K
}

Deoptimization events (8 events):
Event: 0.291 Thread 0x00007ff014801800 Uncommon trap: reason=unstable_if action=reinterpret pc=0x000000010eeb41e0 method=java.lang.String.indexOf(II)I @ 49
Event: 0.488 Thread 0x00007ff014801800 Uncommon trap: reason=unstable_if action=reinterpret pc=0x000000010ef2444c method=java.lang.String.indexOf([CII[CIII)I @ 134
Event: 0.549 Thread 0x00007ff014801800 Uncommon trap: reason=range_check action=make_not_entrant pc=0x000000010ef8e6b4 method=sun.reflect.generics.parser.SignatureParser.current()C @ 34
Event: 0.988 Thread 0x00007ff014801800 Uncommon trap: reason=class_check action=maybe_recompile pc=0x000000010efb40e0 method=java.util.HashMap.putVal(ILjava/lang/Object;Ljava/lang/Object;ZZ)Ljava/lang/Object; @ 203
Event: 3.345 Thread 0x00007ff014801800 Uncommon trap: reason=class_check action=maybe_recompile pc=0x000000010efb40e0 method=java.util.HashMap.putVal(ILjava/lang/Object;Ljava/lang/Object;ZZ)Ljava/lang/Object; @ 203
Event: 3.345 Thread 0x00007ff014801800 Uncommon trap: reason=class_check action=maybe_recompile pc=0x000000010efb40e0 method=java.util.HashMap.putVal(ILjava/lang/Object;Ljava/lang/Object;ZZ)Ljava/lang/Object; @ 203
Event: 3.345 Thread 0x00007ff014801800 Uncommon trap: reason=class_check action=maybe_recompile pc=0x000000010efb40e0 method=java.util.HashMap.putVal(ILjava/lang/Object;Ljava/lang/Object;ZZ)Ljava/lang/Object; @ 203
Event: 3.378 Thread 0x00007ff014801800 Uncommon trap: reason=predicate action=maybe_recompile pc=0x000000010f0a2c7c method=java.lang.String.regionMatches(ZILjava/lang/String;II)Z @ 63

Internal exceptions (10 events):
Event: 0.829 Thread 0x00007ff014801800 Exception <a 'java/lang/ClassNotFoundException': ch/qos/logback/classic/encoder/PatternLayoutEncoderBeanInfo> (0x000000076cb15d00) thrown at [/Users/java_re/workspace/8-2-build-macosx-x86_64/jdk8u60/4407/hotspot/src/share/vm/classfile/systemDictionary.cpp
Event: 0.829 Thread 0x00007ff014801800 Exception <a 'java/lang/ClassNotFoundException': ch/qos/logback/core/pattern/PatternLayoutEncoderBaseBeanInfo> (0x000000076cb28628) thrown at [/Users/java_re/workspace/8-2-build-macosx-x86_64/jdk8u60/4407/hotspot/src/share/vm/classfile/systemDictionary.cp
Event: 0.830 Thread 0x00007ff014801800 Exception <a 'java/lang/ClassNotFoundException': ch/qos/logback/core/encoder/LayoutWrappingEncoderBeanInfo> (0x000000076cb3a920) thrown at [/Users/java_re/workspace/8-2-build-macosx-x86_64/jdk8u60/4407/hotspot/src/share/vm/classfile/systemDictionary.cpp, 
Event: 0.830 Thread 0x00007ff014801800 Exception <a 'java/lang/ClassNotFoundException': ch/qos/logback/core/encoder/EncoderBaseBeanInfo> (0x000000076cb4ae10) thrown at [/Users/java_re/workspace/8-2-build-macosx-x86_64/jdk8u60/4407/hotspot/src/share/vm/classfile/systemDictionary.cpp, line 210]
Event: 0.831 Thread 0x00007ff014801800 Exception <a 'java/lang/ClassNotFoundException': ch/qos/logback/core/encoder/EncoderBaseCustomizer> (0x000000076cb5b8b0) thrown at [/Users/java_re/workspace/8-2-build-macosx-x86_64/jdk8u60/4407/hotspot/src/share/vm/classfile/systemDictionary.cpp, line 210
Event: 0.831 Thread 0x00007ff014801800 Exception <a 'java/lang/ClassNotFoundException': ch/qos/logback/core/encoder/LayoutWrappingEncoderCustomizer> (0x000000076cb74678) thrown at [/Users/java_re/workspace/8-2-build-macosx-x86_64/jdk8u60/4407/hotspot/src/share/vm/classfile/systemDictionary.cpp
Event: 0.833 Thread 0x00007ff014801800 Exception <a 'java/lang/ClassNotFoundException': ch/qos/logback/core/pattern/PatternLayoutEncoderBaseCustomizer> (0x000000076cb99b18) thrown at [/Users/java_re/workspace/8-2-build-macosx-x86_64/jdk8u60/4407/hotspot/src/share/vm/classfile/systemDictionary.
Event: 0.834 Thread 0x00007ff014801800 Exception <a 'java/lang/ClassNotFoundException': ch/qos/logback/classic/encoder/PatternLayoutEncoderCustomizer> (0x000000076cbbeff0) thrown at [/Users/java_re/workspace/8-2-build-macosx-x86_64/jdk8u60/4407/hotspot/src/share/vm/classfile/systemDictionary.c
Event: 3.403 Thread 0x00007ff014801800 Exception <a 'java/lang/NoSuchFieldError': method resolution failed> (0x000000076e60b6b8) thrown at [/Users/java_re/workspace/8-2-build-macosx-x86_64/jdk8u60/4407/hotspot/src/share/vm/prims/methodHandles.cpp, line 1146]
Event: 3.404 Thread 0x00007ff014801800 Exception <a 'java/lang/NoSuchFieldError': method resolution failed> (0x000000076e6189d8) thrown at [/Users/java_re/workspace/8-2-build-macosx-x86_64/jdk8u60/4407/hotspot/src/share/vm/prims/methodHandles.cpp, line 1146]

Events (10 events):
Event: 3688.237 Executing VM operation: ChangeBreakpoints
Event: 3688.238 Executing VM operation: ChangeBreakpoints done
Event: 3688.242 Executing VM operation: ChangeBreakpoints
Event: 3688.242 Executing VM operation: ChangeBreakpoints done
Event: 3768.034 Executing VM operation: ChangeBreakpoints
Event: 3768.034 Executing VM operation: ChangeBreakpoints done
Event: 3768.034 Executing VM operation: ChangeBreakpoints
Event: 3768.034 Executing VM operation: ChangeBreakpoints done
Event: 3768.047 Executing VM operation: RedefineClasses
Event: 3768.056 Executing VM operation: RedefineClasses done


Dynamic libraries:
0x0000000006513000 	/System/Library/Frameworks/Cocoa.framework/Versions/A/Cocoa
0x0000000006513000 	/System/Library/Frameworks/Security.framework/Versions/A/Security
0x0000000006513000 	/System/Library/Frameworks/ApplicationServices.framework/Versions/A/ApplicationServices
0x0000000006513000 	/usr/lib/libz.1.dylib
0x0000000006513000 	/usr/lib/libSystem.B.dylib
0x0000000006513000 	/usr/lib/libobjc.A.dylib
0x0000000006513000 	/System/Library/Frameworks/CoreFoundation.framework/Versions/A/CoreFoundation
0x0000000006513000 	/System/Library/Frameworks/Foundation.framework/Versions/C/Foundation
0x0000000006513000 	/System/Library/Frameworks/AppKit.framework/Versions/C/AppKit
0x0000000006513000 	/System/Library/Frameworks/CoreData.framework/Versions/A/CoreData
0x0000000006513000 	/System/Library/PrivateFrameworks/RemoteViewServices.framework/Versions/A/RemoteViewServices
0x0000000006513000 	/System/Library/PrivateFrameworks/UIFoundation.framework/Versions/A/UIFoundation
0x0000000006513000 	/usr/lib/libScreenReader.dylib
0x0000000006513000 	/System/Library/Frameworks/Accelerate.framework/Versions/A/Accelerate
0x0000000006513000 	/System/Library/Frameworks/IOSurface.framework/Versions/A/IOSurface
0x0000000006513000 	/System/Library/Frameworks/AudioToolbox.framework/Versions/A/AudioToolbox
0x0000000006513000 	/System/Library/Frameworks/AudioUnit.framework/Versions/A/AudioUnit
0x0000000006513000 	/System/Library/PrivateFrameworks/DataDetectorsCore.framework/Versions/A/DataDetectorsCore
0x0000000006513000 	/System/Library/PrivateFrameworks/DesktopServicesPriv.framework/Versions/A/DesktopServicesPriv
0x0000000006513000 	/System/Library/Frameworks/Carbon.framework/Versions/A/Frameworks/HIToolbox.framework/Versions/A/HIToolbox
0x0000000006513000 	/System/Library/Frameworks/QuartzCore.framework/Versions/A/QuartzCore
0x0000000006513000 	/System/Library/Frameworks/Carbon.framework/Versions/A/Frameworks/SpeechRecognition.framework/Versions/A/SpeechRecognition
0x0000000006513000 	/usr/lib/libauto.dylib
0x0000000006513000 	/usr/lib/libicucore.A.dylib
0x0000000006513000 	/usr/lib/libxml2.2.dylib
0x0000000006513000 	/System/Library/PrivateFrameworks/CoreUI.framework/Versions/A/CoreUI
0x0000000006513000 	/System/Library/Frameworks/CoreAudio.framework/Versions/A/CoreAudio
0x0000000006513000 	/System/Library/Frameworks/DiskArbitration.framework/Versions/A/DiskArbitration
0x0000000006513000 	/usr/lib/liblangid.dylib
0x0000000006513000 	/System/Library/PrivateFrameworks/MultitouchSupport.framework/Versions/A/MultitouchSupport
0x0000000006513000 	/System/Library/Frameworks/IOKit.framework/Versions/A/IOKit
0x0000000006513000 	/usr/lib/libDiagnosticMessagesClient.dylib
0x0000000006513000 	/System/Library/Frameworks/CoreServices.framework/Versions/A/CoreServices
0x0000000006513000 	/System/Library/PrivateFrameworks/PerformanceAnalysis.framework/Versions/A/PerformanceAnalysis
0x0000000006513000 	/System/Library/PrivateFrameworks/GenerationalStorage.framework/Versions/A/GenerationalStorage
0x0000000006513000 	/System/Library/Frameworks/OpenGL.framework/Versions/A/OpenGL
0x0000000006513000 	/System/Library/PrivateFrameworks/Sharing.framework/Versions/A/Sharing
0x0000000006513000 	/System/Library/Frameworks/CoreGraphics.framework/Versions/A/CoreGraphics
0x0000000006513000 	/System/Library/Frameworks/CoreImage.framework/Versions/A/CoreImage
0x0000000006513000 	/System/Library/Frameworks/CoreText.framework/Versions/A/CoreText
0x0000000006513000 	/System/Library/Frameworks/ImageIO.framework/Versions/A/ImageIO
0x0000000006513000 	/System/Library/PrivateFrameworks/Backup.framework/Versions/A/Backup
0x0000000006513000 	/usr/lib/libextension.dylib
0x0000000006513000 	/usr/lib/libarchive.2.dylib
0x0000000006513000 	/System/Library/Frameworks/CFNetwork.framework/Versions/A/CFNetwork
0x0000000006513000 	/System/Library/Frameworks/SystemConfiguration.framework/Versions/A/SystemConfiguration
0x0000000006513000 	/usr/lib/libCRFSuite.dylib
0x0000000006513000 	/usr/lib/libc++.1.dylib
0x0000000006513000 	/usr/lib/libc++abi.dylib
0x0000000006513000 	/usr/lib/system/libcache.dylib
0x0000000006513000 	/usr/lib/system/libcommonCrypto.dylib
0x0000000006513000 	/usr/lib/system/libcompiler_rt.dylib
0x0000000006513000 	/usr/lib/system/libcopyfile.dylib
0x0000000006513000 	/usr/lib/system/libcorecrypto.dylib
0x0000000006513000 	/usr/lib/system/libdispatch.dylib
0x0000000006513000 	/usr/lib/system/libdyld.dylib
0x0000000006513000 	/usr/lib/system/libkeymgr.dylib
0x0000000006513000 	/usr/lib/system/liblaunch.dylib
0x0000000006513000 	/usr/lib/system/libmacho.dylib
0x0000000006513000 	/usr/lib/system/libquarantine.dylib
0x0000000006513000 	/usr/lib/system/libremovefile.dylib
0x0000000006513000 	/usr/lib/system/libsystem_asl.dylib
0x0000000006513000 	/usr/lib/system/libsystem_blocks.dylib
0x0000000006513000 	/usr/lib/system/libsystem_c.dylib
0x0000000006513000 	/usr/lib/system/libsystem_configuration.dylib
0x0000000006513000 	/usr/lib/system/libsystem_coreservices.dylib
0x0000000006513000 	/usr/lib/system/libsystem_coretls.dylib
0x0000000006513000 	/usr/lib/system/libsystem_dnssd.dylib
0x0000000006513000 	/usr/lib/system/libsystem_info.dylib
0x0000000006513000 	/usr/lib/system/libsystem_kernel.dylib
0x0000000006513000 	/usr/lib/system/libsystem_m.dylib
0x0000000006513000 	/usr/lib/system/libsystem_malloc.dylib
0x0000000006513000 	/usr/lib/system/libsystem_network.dylib
0x0000000006513000 	/usr/lib/system/libsystem_networkextension.dylib
0x0000000006513000 	/usr/lib/system/libsystem_notify.dylib
0x0000000006513000 	/usr/lib/system/libsystem_platform.dylib
0x0000000006513000 	/usr/lib/system/libsystem_pthread.dylib
0x0000000006513000 	/usr/lib/system/libsystem_sandbox.dylib
0x0000000006513000 	/usr/lib/system/libsystem_secinit.dylib
0x0000000006513000 	/usr/lib/system/libsystem_trace.dylib
0x0000000006513000 	/usr/lib/system/libunc.dylib
0x0000000006513000 	/usr/lib/system/libunwind.dylib
0x0000000006513000 	/usr/lib/system/libxpc.dylib
0x0000000006513000 	/usr/lib/libenergytrace.dylib
0x0000000006513000 	/usr/lib/libbsm.0.dylib
0x0000000006513000 	/usr/lib/system/libkxld.dylib
0x0000000006513000 	/usr/lib/libxar.1.dylib
0x0000000006513000 	/usr/lib/libsqlite3.dylib
0x0000000006513000 	/usr/lib/libpam.2.dylib
0x0000000006513000 	/usr/lib/libOpenScriptingUtil.dylib
0x0000000006513000 	/usr/lib/libbz2.1.0.dylib
0x0000000006513000 	/usr/lib/liblzma.5.dylib
0x0000000006513000 	/System/Library/Frameworks/CoreServices.framework/Versions/A/Frameworks/FSEvents.framework/Versions/A/FSEvents
0x0000000006513000 	/System/Library/Frameworks/CoreServices.framework/Versions/A/Frameworks/CarbonCore.framework/Versions/A/CarbonCore
0x0000000006513000 	/System/Library/Frameworks/CoreServices.framework/Versions/A/Frameworks/Metadata.framework/Versions/A/Metadata
0x0000000006513000 	/System/Library/Frameworks/CoreServices.framework/Versions/A/Frameworks/OSServices.framework/Versions/A/OSServices
0x0000000006513000 	/System/Library/Frameworks/CoreServices.framework/Versions/A/Frameworks/SearchKit.framework/Versions/A/SearchKit
0x0000000006513000 	/System/Library/Frameworks/CoreServices.framework/Versions/A/Frameworks/AE.framework/Versions/A/AE
0x0000000006513000 	/System/Library/Frameworks/CoreServices.framework/Versions/A/Frameworks/LaunchServices.framework/Versions/A/LaunchServices
0x0000000006513000 	/System/Library/Frameworks/CoreServices.framework/Versions/A/Frameworks/DictionaryServices.framework/Versions/A/DictionaryServices
0x0000000006513000 	/System/Library/Frameworks/CoreServices.framework/Versions/A/Frameworks/SharedFileList.framework/Versions/A/SharedFileList
0x0000000006513000 	/System/Library/Frameworks/NetFS.framework/Versions/A/NetFS
0x0000000006513000 	/System/Library/PrivateFrameworks/NetAuth.framework/Versions/A/NetAuth
0x0000000006513000 	/System/Library/PrivateFrameworks/login.framework/Versions/A/Frameworks/loginsupport.framework/Versions/A/loginsupport
0x0000000006513000 	/System/Library/PrivateFrameworks/TCC.framework/Versions/A/TCC
0x0000000006513000 	/usr/lib/libmecabra.dylib
0x0000000006513000 	/System/Library/Frameworks/ApplicationServices.framework/Versions/A/Frameworks/ATS.framework/Versions/A/ATS
0x0000000006513000 	/System/Library/Frameworks/ApplicationServices.framework/Versions/A/Frameworks/ColorSync.framework/Versions/A/ColorSync
0x0000000006513000 	/System/Library/Frameworks/ApplicationServices.framework/Versions/A/Frameworks/HIServices.framework/Versions/A/HIServices
0x0000000006513000 	/System/Library/Frameworks/ApplicationServices.framework/Versions/A/Frameworks/LangAnalysis.framework/Versions/A/LangAnalysis
0x0000000006513000 	/System/Library/Frameworks/ApplicationServices.framework/Versions/A/Frameworks/PrintCore.framework/Versions/A/PrintCore
0x0000000006513000 	/System/Library/Frameworks/ApplicationServices.framework/Versions/A/Frameworks/QD.framework/Versions/A/QD
0x0000000006513000 	/System/Library/Frameworks/ApplicationServices.framework/Versions/A/Frameworks/SpeechSynthesis.framework/Versions/A/SpeechSynthesis
0x0000000006513000 	/System/Library/Frameworks/Metal.framework/Versions/A/Metal
0x0000000006513000 	/System/Library/Frameworks/Accelerate.framework/Versions/A/Frameworks/vImage.framework/Versions/A/vImage
0x0000000006513000 	/System/Library/Frameworks/Accelerate.framework/Versions/A/Frameworks/vecLib.framework/Versions/A/vecLib
0x0000000006513000 	/System/Library/Frameworks/Accelerate.framework/Versions/A/Frameworks/vecLib.framework/Versions/A/libvDSP.dylib
0x0000000006513000 	/System/Library/Frameworks/Accelerate.framework/Versions/A/Frameworks/vecLib.framework/Versions/A/libvMisc.dylib
0x0000000006513000 	/System/Library/Frameworks/Accelerate.framework/Versions/A/Frameworks/vecLib.framework/Versions/A/libLAPACK.dylib
0x0000000006513000 	/System/Library/Frameworks/Accelerate.framework/Versions/A/Frameworks/vecLib.framework/Versions/A/libBLAS.dylib
0x0000000006513000 	/System/Library/Frameworks/Accelerate.framework/Versions/A/Frameworks/vecLib.framework/Versions/A/libLinearAlgebra.dylib
0x0000000006513000 	/System/Library/Frameworks/Accelerate.framework/Versions/A/Frameworks/vecLib.framework/Versions/A/libSparseBLAS.dylib
0x0000000006513000 	/System/Library/PrivateFrameworks/GPUCompiler.framework/libmetal_timestamp.dylib
0x0000000006513000 	/System/Library/Frameworks/OpenGL.framework/Versions/A/Libraries/libCoreFSCache.dylib
0x0000000006513000 	/System/Library/PrivateFrameworks/IOAccelerator.framework/Versions/A/IOAccelerator
0x0000000006513000 	/System/Library/Frameworks/ApplicationServices.framework/Versions/A/Frameworks/ATS.framework/Versions/A/Resources/libFontParser.dylib
0x0000000006513000 	/System/Library/Frameworks/ApplicationServices.framework/Versions/A/Frameworks/ATS.framework/Versions/A/Resources/libFontRegistry.dylib
0x0000000006513000 	/System/Library/PrivateFrameworks/AppleVPA.framework/Versions/A/AppleVPA
0x0000000006513000 	/System/Library/PrivateFrameworks/AppleJPEG.framework/Versions/A/AppleJPEG
0x0000000006513000 	/System/Library/Frameworks/ImageIO.framework/Versions/A/Resources/libJPEG.dylib
0x0000000006513000 	/System/Library/Frameworks/ImageIO.framework/Versions/A/Resources/libTIFF.dylib
0x0000000006513000 	/System/Library/Frameworks/ImageIO.framework/Versions/A/Resources/libPng.dylib
0x0000000006513000 	/System/Library/Frameworks/ImageIO.framework/Versions/A/Resources/libGIF.dylib
0x0000000006513000 	/System/Library/Frameworks/ImageIO.framework/Versions/A/Resources/libJP2.dylib
0x0000000006513000 	/System/Library/Frameworks/ImageIO.framework/Versions/A/Resources/libRadiance.dylib
0x0000000006513000 	/System/Library/Frameworks/CoreVideo.framework/Versions/A/CoreVideo
0x0000000006513000 	/System/Library/Frameworks/OpenGL.framework/Versions/A/Libraries/libGLU.dylib
0x0000000006513000 	/System/Library/Frameworks/OpenGL.framework/Versions/A/Libraries/libGFXShared.dylib
0x0000000006513000 	/System/Library/Frameworks/OpenGL.framework/Versions/A/Libraries/libGL.dylib
0x0000000006513000 	/System/Library/Frameworks/OpenGL.framework/Versions/A/Libraries/libGLImage.dylib
0x0000000006513000 	/System/Library/Frameworks/OpenGL.framework/Versions/A/Libraries/libCVMSPluginSupport.dylib
0x0000000006513000 	/System/Library/Frameworks/OpenGL.framework/Versions/A/Libraries/libCoreVMClient.dylib
0x0000000006513000 	/usr/lib/libcompression.dylib
0x0000000006513000 	/usr/lib/libcups.2.dylib
0x0000000006513000 	/System/Library/Frameworks/Kerberos.framework/Versions/A/Kerberos
0x0000000006513000 	/System/Library/Frameworks/GSS.framework/Versions/A/GSS
0x0000000006513000 	/usr/lib/libresolv.9.dylib
0x0000000006513000 	/usr/lib/libiconv.2.dylib
0x0000000006513000 	/System/Library/PrivateFrameworks/Heimdal.framework/Versions/A/Heimdal
0x0000000006513000 	/usr/lib/libheimdal-asn1.dylib
0x0000000006513000 	/System/Library/Frameworks/OpenDirectory.framework/Versions/A/OpenDirectory
0x0000000006513000 	/System/Library/PrivateFrameworks/CommonAuth.framework/Versions/A/CommonAuth
0x0000000006513000 	/System/Library/Frameworks/OpenDirectory.framework/Versions/A/Frameworks/CFOpenDirectory.framework/Versions/A/CFOpenDirectory
0x0000000006513000 	/System/Library/Frameworks/SecurityFoundation.framework/Versions/A/SecurityFoundation
0x0000000006513000 	/System/Library/PrivateFrameworks/LanguageModeling.framework/Versions/A/LanguageModeling
0x0000000006513000 	/usr/lib/libmarisa.dylib
0x0000000006513000 	/usr/lib/libChineseTokenizer.dylib
0x0000000006513000 	/usr/lib/libcmph.dylib
0x0000000006513000 	/System/Library/Frameworks/ServiceManagement.framework/Versions/A/ServiceManagement
0x0000000006513000 	/usr/lib/libxslt.1.dylib
0x0000000006513000 	/System/Library/Frameworks/Carbon.framework/Versions/A/Frameworks/Ink.framework/Versions/A/Ink
0x0000000006513000 	/usr/lib/libFosl_dynamic.dylib
0x0000000006513000 	/System/Library/PrivateFrameworks/FaceCore.framework/Versions/A/FaceCore
0x0000000006513000 	/System/Library/Frameworks/OpenCL.framework/Versions/A/OpenCL
0x0000000006513000 	/System/Library/PrivateFrameworks/CrashReporterSupport.framework/Versions/A/CrashReporterSupport
0x0000000006513000 	/System/Library/PrivateFrameworks/IconServices.framework/Versions/A/IconServices
0x0000000006513000 	/System/Library/PrivateFrameworks/Apple80211.framework/Versions/A/Apple80211
0x0000000006513000 	/System/Library/Frameworks/CoreWLAN.framework/Versions/A/CoreWLAN
0x0000000006513000 	/System/Library/Frameworks/IOBluetooth.framework/Versions/A/IOBluetooth
0x0000000006513000 	/System/Library/PrivateFrameworks/CoreWiFi.framework/Versions/A/CoreWiFi
0x0000000006513000 	/System/Library/Frameworks/CoreBluetooth.framework/Versions/A/CoreBluetooth
0x0000000006513000 	/System/Library/PrivateFrameworks/ChunkingLibrary.framework/Versions/A/ChunkingLibrary
0x0000000006513000 	/System/Library/PrivateFrameworks/DebugSymbols.framework/Versions/A/DebugSymbols
0x0000000006513000 	/System/Library/PrivateFrameworks/CoreSymbolication.framework/Versions/A/CoreSymbolication
0x0000000006513000 	/System/Library/PrivateFrameworks/Symbolication.framework/Versions/A/Symbolication
0x0000000006513000 	/System/Library/PrivateFrameworks/SpeechRecognitionCore.framework/Versions/A/SpeechRecognitionCore
0x000000010de00000 	/Library/Java/JavaVirtualMachines/jdk1.8.0_60.jdk/Contents/Home/jre/lib/server/libjvm.dylib
0x0000000006513000 	/usr/lib/libstdc++.6.dylib
0x000000010cd10000 	/Library/Java/JavaVirtualMachines/jdk1.8.0_60.jdk/Contents/Home/jre/lib/libverify.dylib
0x000000010cd1e000 	/Library/Java/JavaVirtualMachines/jdk1.8.0_60.jdk/Contents/Home/jre/lib/libjava.dylib
0x000000010cd54000 	/Library/Java/JavaVirtualMachines/jdk1.8.0_60.jdk/Contents/Home/jre/lib/libjdwp.dylib
0x000000010cd9f000 	/Library/Java/JavaVirtualMachines/jdk1.8.0_60.jdk/Contents/Home/jre/lib/libnpt.dylib
0x000000010cdac000 	/Library/Java/JavaVirtualMachines/jdk1.8.0_60.jdk/Contents/Home/jre/lib/libzip.dylib
0x0000000129df6000 	/System/Library/Frameworks/JavaVM.framework/Frameworks/JavaRuntimeSupport.framework/JavaRuntimeSupport
0x0000000129e11000 	/System/Library/Frameworks/JavaVM.framework/Versions/A/Frameworks/JavaNativeFoundation.framework/Versions/A/JavaNativeFoundation
0x0000000129e26000 	/System/Library/Frameworks/JavaVM.framework/Versions/A/JavaVM
0x0000000006513000 	/System/Library/Frameworks/Carbon.framework/Versions/A/Carbon
0x0000000129e33000 	/System/Library/PrivateFrameworks/JavaLaunching.framework/Versions/A/JavaLaunching
0x0000000006513000 	/System/Library/Frameworks/Carbon.framework/Versions/A/Frameworks/CommonPanels.framework/Versions/A/CommonPanels
0x0000000006513000 	/System/Library/Frameworks/Carbon.framework/Versions/A/Frameworks/Help.framework/Versions/A/Help
0x0000000006513000 	/System/Library/Frameworks/Carbon.framework/Versions/A/Frameworks/ImageCapture.framework/Versions/A/ImageCapture
0x0000000006513000 	/System/Library/Frameworks/Carbon.framework/Versions/A/Frameworks/OpenScripting.framework/Versions/A/OpenScripting
0x0000000006513000 	/System/Library/Frameworks/Carbon.framework/Versions/A/Frameworks/Print.framework/Versions/A/Print
0x0000000006513000 	/System/Library/Frameworks/Carbon.framework/Versions/A/Frameworks/SecurityHI.framework/Versions/A/SecurityHI
0x000000012b754000 	/Library/Java/JavaVirtualMachines/jdk1.8.0_60.jdk/Contents/Home/jre/lib/libdt_socket.dylib
0x000000012bf3a000 	/Library/Java/JavaVirtualMachines/jdk1.8.0_60.jdk/Contents/Home/jre/lib/libnet.dylib

VM Arguments:
jvm_args: -agentlib:jdwp=transport=dt_socket,address=127.0.0.1:50860,suspend=y,server=n -Dfile.encoding=UTF-8 
java_command: org.optaplanner.examples.greatlearning.app.GreatLearningApp
java_class_path (initial): /Library/Java/JavaVirtualMachines/jdk1.8.0_60.jdk/Contents/Home/lib/ant-javafx.jar:/Library/Java/JavaVirtualMachines/jdk1.8.0_60.jdk/Contents/Home/lib/dt.jar:/Library/Java/JavaVirtualMachines/jdk1.8.0_60.jdk/Contents/Home/lib/javafx-mx.jar:/Library/Java/JavaVirtualMachines/jdk1.8.0_60.jdk/Contents/Home/lib/jconsole.jar:/Library/Java/JavaVirtualMachines/jdk1.8.0_60.jdk/Contents/Home/lib/packager.jar:/Library/Java/JavaVirtualMachines/jdk1.8.0_60.jdk/Contents/Home/lib/sa-jdi.jar:/Library/Java/JavaVirtualMachines/jdk1.8.0_60.jdk/Contents/Home/lib/tools.jar:/Library/Java/JavaVirtualMachines/jdk1.8.0_60.jdk/Contents/Home/jre/lib/charsets.jar:/Library/Java/JavaVirtualMachines/jdk1.8.0_60.jdk/Contents/Home/jre/lib/deploy.jar:/Library/Java/JavaVirtualMachines/jdk1.8.0_60.jdk/Contents/Home/jre/lib/javaws.jar:/Library/Java/JavaVirtualMachines/jdk1.8.0_60.jdk/Contents/Home/jre/lib/jce.jar:/Library/Java/JavaVirtualMachines/jdk1.8.0_60.jdk/Contents/Home/jre/lib/jfr.jar:/Library/Java/JavaVirtualMachines/jdk1.8.0_60.jdk/Contents/Home/jre/lib/jfxswt.jar:/Library/Java/JavaVirtualMachines/jdk1.8.0_60.jdk/Contents/Home/jre/lib/jsse.jar:/Library/Java/JavaVirtualMachines/jdk1.8.0_60.jdk/Contents/Home/jre/lib/management-agent.jar:/Library/Java/JavaVirtualMachines/jdk1.8.0_60.jdk/Contents/Home/jre/lib/plugin.jar:/Library/Java/JavaVirtualMachines/jdk1.8.0_60.jdk/Contents/Home/jre/lib/resources.jar:/Library/Java/JavaVirtualMachines/jdk1.8.0_60.jdk/Contents/Home/jre/lib/rt.jar:/Library/Java/JavaVirtualMachines/jdk1.8.0_60.jdk/Contents/Home/jre/lib/ext/cldrdata.jar:/Library/Java/JavaVirtualMachines/jdk1.8.0_60.jdk/Contents/Home/jre/lib/ext/dnsns.jar:/Library/Java/JavaVirtualMachines/jdk1.8.0_60.jdk/Contents/Home/jre/lib/ext/jaccess.jar:/Library/Java/JavaVirtualMachines/jdk1.8.0_60.jdk/Contents/Home/jre/lib/ext/jfxrt.jar:/Library/Java/JavaVirtualMachines/jdk1.8.0_60.jdk/Contents/Home/jre/lib/ext/localedata.jar:/Library/Java/JavaVirtualMachines/jdk1.8.0_60.jdk/Conten
Launcher Type: SUN_STANDARD

Environment Variables:
PATH=/Users/vishwakarma/.rvm/gems/ruby-2.1.6/bin:/Users/vishwakarma/.rvm/gems/ruby-2.1.6@global/bin:/Users/vishwakarma/.rvm/rubies/ruby-2.1.6/bin:/usr/local/bin:/usr/bin:/bin:/usr/sbin:/sbin:/usr/local/MacGPG2/bin:/Users/vishwakarma/Library/Android/sdk/tools:/Users/vishwakarma/Library/Android/sdk/platform-tools::/Users/vishwakarma/.rvm/bin
SHELL=/bin/bash

Signal Handlers:
SIGSEGV: [libjvm.dylib+0x5a6d31], sa_mask[0]=11111111011111110111111111111111, sa_flags=SA_ONSTACK|SA_RESTART|SA_SIGINFO
SIGBUS: [libjvm.dylib+0x5a6d31], sa_mask[0]=11111111011111110111111111111111, sa_flags=SA_RESTART|SA_SIGINFO
SIGFPE: [libjvm.dylib+0x480a4c], sa_mask[0]=11111111011111110111111111111111, sa_flags=SA_RESTART|SA_SIGINFO
SIGPIPE: [libjvm.dylib+0x480a4c], sa_mask[0]=11111111011111110111111111111111, sa_flags=SA_RESTART|SA_SIGINFO
SIGXFSZ: [libjvm.dylib+0x480a4c], sa_mask[0]=11111111011111110111111111111111, sa_flags=SA_RESTART|SA_SIGINFO
SIGILL: [libjvm.dylib+0x480a4c], sa_mask[0]=11111111011111110111111111111111, sa_flags=SA_RESTART|SA_SIGINFO
SIGUSR1: SIG_DFL, sa_mask[0]=00000000000000000000000000000000, sa_flags=none
SIGUSR2: [libjvm.dylib+0x48056a], sa_mask[0]=00100000000000000000000000000000, sa_flags=SA_RESTART|SA_SIGINFO
SIGHUP: [libjvm.dylib+0x47eb41], sa_mask[0]=11111111011111110111111111111111, sa_flags=SA_RESTART|SA_SIGINFO
SIGINT: [libjvm.dylib+0x47eb41], sa_mask[0]=11111111011111110111111111111111, sa_flags=SA_RESTART|SA_SIGINFO
SIGTERM: [libjvm.dylib+0x47eb41], sa_mask[0]=11111111011111110111111111111111, sa_flags=SA_RESTART|SA_SIGINFO
SIGQUIT: [libjvm.dylib+0x47eb41], sa_mask[0]=11111111011111110111111111111111, sa_flags=SA_RESTART|SA_SIGINFO


---------------  S Y S T E M  ---------------

OS:Bsduname:Darwin 15.6.0 Darwin Kernel Version 15.6.0: Mon Aug 29 20:21:34 PDT 2016; root:xnu-3248.60.11~1/RELEASE_X86_64 x86_64
rlimit: STACK 8192k, CORE 0k, NPROC 709, NOFILE 10240, AS infinity
load average:3.88 3.43 3.59

CPU:total 8 (4 cores per cpu, 2 threads per core) family 6 model 70 stepping 1, cmov, cx8, fxsr, mmx, sse, sse2, sse3, ssse3, sse4.1, sse4.2, popcnt, avx, avx2, aes, clmul, erms, lzcnt, ht, tsc, tscinvbit, bmi1, bmi2

Memory: 4k page, physical 16777216k(817208k free)

/proc/meminfo:


vm_info: Java HotSpot(TM) 64-Bit Server VM (25.60-b23) for bsd-amd64 JRE (1.8.0_60-b27), built on Aug  4 2015 10:47:24 by "java_re" with gcc 4.2.1 (Based on Apple Inc. build 5658) (LLVM build 2336.11.00)

time: Tue Nov  1 01:00:48 2016
elapsed time: 3768 seconds (0d 1h 2m 48s)

